This is pdfTeX, Version 3.141592653-2.6-1.40.22 (TeX Live 2021/W32TeX) (preloaded format=pdflatex 2021.6.8)  8 JUN 2021 18:35
entering extended mode
 restricted \write18 enabled.
 file:line:error style messages enabled.
 %&-line parsing enabled.
**"c:/Users/ganpa/OneDrive - Danmarks Tekniske Universitet/Skrivebord/DTU-Aqua--Postdoc/Past/Core/FPGP -- FINISHING/FPGP--GitHub/FeralPigeonGenomicsProject/FPGP--Article/sup_mat.tex"
(c:/Users/ganpa/OneDrive - Danmarks Tekniske Universitet/Skrivebord/DTU-Aqua--Postdoc/Past/Core/FPGP -- FINISHING/FPGP--GitHub/FeralPigeonGenomicsProject/FPGP--Article/sup_mat.tex
LaTeX2e <2021-06-01>
L3 programming layer <2021-06-01> (c:/texlive/2021/texmf-dist/tex/latex/base/article.cls
Document Class: article 2021/02/12 v1.4n Standard LaTeX document class
(c:/texlive/2021/texmf-dist/tex/latex/base/size10.clo
File: size10.clo 2021/02/12 v1.4n Standard LaTeX file (size option)
)
\c@part=\count182
\c@section=\count183
\c@subsection=\count184
\c@subsubsection=\count185
\c@paragraph=\count186
\c@subparagraph=\count187
\c@figure=\count188
\c@table=\count189
\abovecaptionskip=\skip47
\belowcaptionskip=\skip48
\bibindent=\dimen138
) (c:/texlive/2021/texmf-dist/tex/latex/geometry/geometry.sty
Package: geometry 2020/01/02 v5.9 Page Geometry
 (c:/texlive/2021/texmf-dist/tex/latex/graphics/keyval.sty
Package: keyval 2014/10/28 v1.15 key=value parser (DPC)
\KV@toks@=\toks16
) (c:/texlive/2021/texmf-dist/tex/generic/iftex/ifvtex.sty
Package: ifvtex 2019/10/25 v1.7 ifvtex legacy package. Use iftex instead.
 (c:/texlive/2021/texmf-dist/tex/generic/iftex/iftex.sty
Package: iftex 2020/03/06 v1.0d TeX engine tests
))
\Gm@cnth=\count190
\Gm@cntv=\count191
\c@Gm@tempcnt=\count192
\Gm@bindingoffset=\dimen139
\Gm@wd@mp=\dimen140
\Gm@odd@mp=\dimen141
\Gm@even@mp=\dimen142
\Gm@layoutwidth=\dimen143
\Gm@layoutheight=\dimen144
\Gm@layouthoffset=\dimen145
\Gm@layoutvoffset=\dimen146
\Gm@dimlist=\toks17
) (c:/texlive/2021/texmf-dist/tex/latex/graphics/graphicx.sty
Package: graphicx 2020/12/05 v1.2c Enhanced LaTeX Graphics (DPC,SPQR)
 (c:/texlive/2021/texmf-dist/tex/latex/graphics/graphics.sty
Package: graphics 2021/03/04 v1.4d Standard LaTeX Graphics (DPC,SPQR)
 (c:/texlive/2021/texmf-dist/tex/latex/graphics/trig.sty
Package: trig 2016/01/03 v1.10 sin cos tan (DPC)
) (c:/texlive/2021/texmf-dist/tex/latex/graphics-cfg/graphics.cfg
File: graphics.cfg 2016/06/04 v1.11 sample graphics configuration
)
Package graphics Info: Driver file: pdftex.def on input line 107.
 (c:/texlive/2021/texmf-dist/tex/latex/graphics-def/pdftex.def
File: pdftex.def 2020/10/05 v1.2a Graphics/color driver for pdftex
))
\Gin@req@height=\dimen147
\Gin@req@width=\dimen148
) (c:/texlive/2021/texmf-dist/tex/latex/graphics/rotating.sty
Package: rotating 2016/08/11 v2.16d rotated objects in LaTeX
 (c:/texlive/2021/texmf-dist/tex/latex/base/ifthen.sty
Package: ifthen 2020/11/24 v1.1c Standard LaTeX ifthen package (DPC)
)
\c@r@tfl@t=\count193
\rotFPtop=\skip49
\rotFPbot=\skip50
\rot@float@box=\box50
\rot@mess@toks=\toks18
) (c:/texlive/2021/texmf-dist/tex/latex/tools/verbatim.sty
Package: verbatim 2020-07-07 v1.5u LaTeX2e package for verbatim enhancements
\every@verbatim=\toks19
\verbatim@line=\toks20
\verbatim@in@stream=\read2
) (c:/texlive/2021/texmf-dist/tex/latex/float/float.sty
Package: float 2001/11/08 v1.3d Float enhancements (AL)
\c@float@type=\count194
\float@exts=\toks21
\float@box=\box51
\@float@everytoks=\toks22
\@floatcapt=\box52
) (c:/texlive/2021/texmf-dist/tex/latex/multirow/multirow.sty
Package: multirow 2021/03/15 v2.8 Span multiple rows of a table
\multirow@colwidth=\skip51
\multirow@cntb=\count195
\multirow@dima=\skip52
\bigstrutjot=\dimen149
) (c:/texlive/2021/texmf-dist/tex/latex/listings/listings.sty
\lst@mode=\count196
\lst@gtempboxa=\box53
\lst@token=\toks23
\lst@length=\count197
\lst@currlwidth=\dimen150
\lst@column=\count198
\lst@pos=\count199
\lst@lostspace=\dimen151
\lst@width=\dimen152
\lst@newlines=\count266
\lst@lineno=\count267
\lst@maxwidth=\dimen153
 (c:/texlive/2021/texmf-dist/tex/latex/listings/lstmisc.sty
File: lstmisc.sty 2020/03/24 1.8d (Carsten Heinz)
\c@lstnumber=\count268
\lst@skipnumbers=\count269
\lst@framebox=\box54
) (c:/texlive/2021/texmf-dist/tex/latex/listings/listings.cfg
File: listings.cfg 2020/03/24 1.8d listings configuration
))
Package: listings 2020/03/24 1.8d (Carsten Heinz)
 (c:/texlive/2021/texmf-dist/tex/latex/graphics/color.sty
Package: color 2020/02/24 v1.2b Standard LaTeX Color (DPC)
 (c:/texlive/2021/texmf-dist/tex/latex/graphics-cfg/color.cfg
File: color.cfg 2016/01/02 v1.6 sample color configuration
)
Package color Info: Driver file: pdftex.def on input line 149.
) (c:/texlive/2021/texmf-dist/tex/latex/listings/lstlang1.sty
File: lstlang1.sty 2020/03/24 1.8d listings language file
) (c:/texlive/2021/texmf-dist/tex/latex/natbib/natbib.sty
Package: natbib 2010/09/13 8.31b (PWD, AO)
\bibhang=\skip53
\bibsep=\skip54
LaTeX Info: Redefining \cite on input line 694.
\c@NAT@ctr=\count270
) (c:/texlive/2021/texmf-dist/tex/latex/l3backend/l3backend-pdftex.def
File: l3backend-pdftex.def 2021-05-07 L3 backend support: PDF output (pdfTeX)
\l__color_backend_stack_int=\count271
\l__pdf_internal_box=\box55
) (./sup_mat.aux)
\openout1 = `sup_mat.aux'.

LaTeX Font Info:    Checking defaults for OML/cmm/m/it on input line 40.
LaTeX Font Info:    ... okay on input line 40.
LaTeX Font Info:    Checking defaults for OMS/cmsy/m/n on input line 40.
LaTeX Font Info:    ... okay on input line 40.
LaTeX Font Info:    Checking defaults for OT1/cmr/m/n on input line 40.
LaTeX Font Info:    ... okay on input line 40.
LaTeX Font Info:    Checking defaults for T1/cmr/m/n on input line 40.
LaTeX Font Info:    ... okay on input line 40.
LaTeX Font Info:    Checking defaults for TS1/cmr/m/n on input line 40.
LaTeX Font Info:    ... okay on input line 40.
LaTeX Font Info:    Checking defaults for OMX/cmex/m/n on input line 40.
LaTeX Font Info:    ... okay on input line 40.
LaTeX Font Info:    Checking defaults for U/cmr/m/n on input line 40.
LaTeX Font Info:    ... okay on input line 40.

*geometry* driver: auto-detecting
*geometry* detected driver: pdftex
*geometry* verbose mode - [ preamble ] result:
* driver: pdftex
* paper: a4paper
* layout: <same size as paper>
* layoutoffset:(h,v)=(0.0pt,0.0pt)
* modes: 
* h-part:(L,W,R)=(72.26999pt, 452.9679pt, 72.26999pt)
* v-part:(T,H,B)=(72.26999pt, 700.50687pt, 72.26999pt)
* \paperwidth=597.50787pt
* \paperheight=845.04684pt
* \textwidth=452.9679pt
* \textheight=700.50687pt
* \oddsidemargin=0.0pt
* \evensidemargin=0.0pt
* \topmargin=-37.0pt
* \headheight=12.0pt
* \headsep=25.0pt
* \topskip=10.0pt
* \footskip=30.0pt
* \marginparwidth=57.0pt
* \marginparsep=11.0pt
* \columnsep=10.0pt
* \skip\footins=9.0pt plus 4.0pt minus 2.0pt
* \hoffset=0.0pt
* \voffset=0.0pt
* \mag=1000
* \@twocolumnfalse
* \@twosidefalse
* \@mparswitchfalse
* \@reversemarginfalse
* (1in=72.27pt=25.4mm, 1cm=28.453pt)

(c:/texlive/2021/texmf-dist/tex/context/base/mkii/supp-pdf.mkii
[Loading MPS to PDF converter (version 2006.09.02).]
\scratchcounter=\count272
\scratchdimen=\dimen154
\scratchbox=\box56
\nofMPsegments=\count273
\nofMParguments=\count274
\everyMPshowfont=\toks24
\MPscratchCnt=\count275
\MPscratchDim=\dimen155
\MPnumerator=\count276
\makeMPintoPDFobject=\count277
\everyMPtoPDFconversion=\toks25
) (c:/texlive/2021/texmf-dist/tex/latex/epstopdf-pkg/epstopdf-base.sty
Package: epstopdf-base 2020-01-24 v2.11 Base part for package epstopdf
 (c:/texlive/2021/texmf-dist/tex/generic/infwarerr/infwarerr.sty
Package: infwarerr 2019/12/03 v1.5 Providing info/warning/error messages (HO)
) (c:/texlive/2021/texmf-dist/tex/latex/grfext/grfext.sty
Package: grfext 2019/12/03 v1.3 Manage graphics extensions (HO)
 (c:/texlive/2021/texmf-dist/tex/generic/kvdefinekeys/kvdefinekeys.sty
Package: kvdefinekeys 2019-12-19 v1.6 Define keys (HO)
)) (c:/texlive/2021/texmf-dist/tex/latex/kvoptions/kvoptions.sty
Package: kvoptions 2020-10-07 v3.14 Key value format for package options (HO)
 (c:/texlive/2021/texmf-dist/tex/generic/ltxcmds/ltxcmds.sty
Package: ltxcmds 2020-05-10 v1.25 LaTeX kernel commands for general use (HO)
) (c:/texlive/2021/texmf-dist/tex/generic/kvsetkeys/kvsetkeys.sty
Package: kvsetkeys 2019/12/15 v1.18 Key value parser (HO)
)) (c:/texlive/2021/texmf-dist/tex/generic/pdftexcmds/pdftexcmds.sty
Package: pdftexcmds 2020-06-27 v0.33 Utility functions of pdfTeX for LuaTeX (HO)
Package pdftexcmds Info: \pdf@primitive is available.
Package pdftexcmds Info: \pdf@ifprimitive is available.
Package pdftexcmds Info: \pdfdraftmode found.
)
Package epstopdf-base Info: Redefining graphics rule for `.eps' on input line 485.
Package grfext Info: Graphics extension search list:
(grfext)             [.pdf,.png,.jpg,.mps,.jpeg,.jbig2,.jb2,.PDF,.PNG,.JPG,.JPEG,.JBIG2,.JB2,.eps]
(grfext)             \AppendGraphicsExtensions on input line 504.
 (c:/texlive/2021/texmf-dist/tex/latex/latexconfig/epstopdf-sys.cfg
File: epstopdf-sys.cfg 2010/07/13 v1.3 Configuration of (r)epstopdf for TeX Live
))
\c@lstlisting=\count278

Underfull \hbox (badness 10000) in paragraph at lines 45--46

 []

LaTeX Font Info:    External font `cmex10' loaded for size
(Font)              <12> on input line 48.
LaTeX Font Info:    External font `cmex10' loaded for size
(Font)              <8> on input line 48.
LaTeX Font Info:    External font `cmex10' loaded for size
(Font)              <6> on input line 48.

Package natbib Warning: Citation `Excoffier1995' on page 1 undefined on input line 63.


Package natbib Warning: Citation `Moltke2015' on page 1 undefined on input line 63.


Package natbib Warning: Citation `Moltke2015' on page 1 undefined on input line 65.


Package natbib Warning: Citation `Korneliussen2014' on page 1 undefined on input line 78.


Package natbib Warning: Citation `Moltke2015' on page 1 undefined on input line 78.

[1

{c:/texlive/2021/texmf-var/fonts/map/pdftex/updmap/pdftex.map}]

Package natbib Warning: Citation `Kelleher2016' on page 2 undefined on input line 87.


Package natbib Warning: Citation `Gutenkunst2009' on page 2 undefined on input line 87.


Package natbib Warning: Citation `Korneliussen2013' on page 2 undefined on input line 87.


LaTeX Warning: Reference `Eq:RMSD' on page 2 undefined on input line 87.


LaTeX Warning: Reference `Eq:MSB' on page 2 undefined on input line 87.


LaTeX Warning: Reference `STab:run_times' on page 2 undefined on input line 101.


Package natbib Warning: Citation `Schubert2014' on page 2 undefined on input line 104.


Package natbib Warning: Citation `Bolger2014' on page 2 undefined on input line 104.


Package natbib Warning: Citation `Huang2013' on page 2 undefined on input line 104.


Package natbib Warning: Citation `Dalloul2010' on page 2 undefined on input line 104.


Package natbib Warning: Citation `Li2013' on page 2 undefined on input line 104.


Package natbib Warning: Citation `Depristo2011' on page 2 undefined on input line 104.

[2]

Package natbib Warning: Citation `Bilton2018' on page 3 undefined on input line 106.


Underfull \hbox (badness 10000) in paragraph at lines 110--111

 []


Package natbib Warning: Citation `Sved1971' on page 3 undefined on input line 113.


LaTeX Warning: Reference `Eq:sved' on page 3 undefined on input line 122.


Package natbib Warning: Citation `Hill1988' on page 3 undefined on input line 122.

[3]

LaTeX Warning: Reference `Eq:sved' on page 4 undefined on input line 131.


Package natbib Warning: Citation `Abecasis2001' on page 4 undefined on input line 142.


Package natbib Warning: Citation `Shin2006' on page 4 undefined on input line 163.

[4]
LaTeX Font Info:    External font `cmex10' loaded for size
(Font)              <7> on input line 170.
LaTeX Font Info:    External font `cmex10' loaded for size
(Font)              <5> on input line 170.

Overfull \hbox (5.81639pt too wide) in paragraph at lines 240--292
 [][] 
 []

[5]

LaTeX Warning: File `PUBLISH_RMSD.pdf' not found on input line 450.


c:/Users/ganpa/OneDrive - Danmarks Tekniske Universitet/Skrivebord/DTU-Aqua--Postdoc/Past/Core/FPGP -- FINISHING/FPGP--GitHub/FeralPigeonGenomicsProject/FPGP--Article/sup_mat.tex:450: Package pdftex.def Error: File `PUBLISH_RMSD.pdf' not found: using draft setting.

See the pdftex.def package documentation for explanation.
Type  H <return>  for immediate help.
 ...                                              
                                                  
l.450 ...udegraphics[scale=0.45]{PUBLISH_RMSD.pdf}
                                                  
Try typing  <return>  to proceed.
If that doesn't work, type  X <return>  to quit.


LaTeX Warning: File `PUBLISH_LD_r2_data.pdf' not found on input line 464.


c:/Users/ganpa/OneDrive - Danmarks Tekniske Universitet/Skrivebord/DTU-Aqua--Postdoc/Past/Core/FPGP -- FINISHING/FPGP--GitHub/FeralPigeonGenomicsProject/FPGP--Article/sup_mat.tex:464: Package pdftex.def Error: File `PUBLISH_LD_r2_data.pdf' not found: using draft setting.

See the pdftex.def package documentation for explanation.
Type  H <return>  for immediate help.
 ...                                              
                                                  
l.464 ...aphics[scale=0.9]{PUBLISH_LD_r2_data.pdf}
                                                  
Try typing  <return>  to proceed.
If that doesn't work, type  X <return>  to quit.


LaTeX Warning: File `PUBLISH_LD_Dp_data.pdf' not found on input line 472.


c:/Users/ganpa/OneDrive - Danmarks Tekniske Universitet/Skrivebord/DTU-Aqua--Postdoc/Past/Core/FPGP -- FINISHING/FPGP--GitHub/FeralPigeonGenomicsProject/FPGP--Article/sup_mat.tex:472: Package pdftex.def Error: File `PUBLISH_LD_Dp_data.pdf' not found: using draft setting.

See the pdftex.def package documentation for explanation.
Type  H <return>  for immediate help.
 ...                                              
                                                  
l.472 ...aphics[scale=0.9]{PUBLISH_LD_Dp_data.pdf}
                                                  
Try typing  <return>  to proceed.
If that doesn't work, type  X <return>  to quit.


LaTeX Warning: File `PUBLISH500_LD_r2_data.pdf' not found on input line 480.


c:/Users/ganpa/OneDrive - Danmarks Tekniske Universitet/Skrivebord/DTU-Aqua--Postdoc/Past/Core/FPGP -- FINISHING/FPGP--GitHub/FeralPigeonGenomicsProject/FPGP--Article/sup_mat.tex:480: Package pdftex.def Error: File `PUBLISH500_LD_r2_data.pdf' not found: using draft setting.

See the pdftex.def package documentation for explanation.
Type  H <return>  for immediate help.
 ...                                              
                                                  
l.480 ...ics[scale=0.7]{PUBLISH500_LD_r2_data.pdf}
                                                  
Try typing  <return>  to proceed.
If that doesn't work, type  X <return>  to quit.


LaTeX Warning: File `PUBLISH_prunedLD_r2_data.pdf' not found on input line 488.


c:/Users/ganpa/OneDrive - Danmarks Tekniske Universitet/Skrivebord/DTU-Aqua--Postdoc/Past/Core/FPGP -- FINISHING/FPGP--GitHub/FeralPigeonGenomicsProject/FPGP--Article/sup_mat.tex:488: Package pdftex.def Error: File `PUBLISH_prunedLD_r2_data.pdf' not found: using draft setting.

See the pdftex.def package documentation for explanation.
Type  H <return>  for immediate help.
 ...                                              
                                                  
l.488 ...udegraphics{PUBLISH_prunedLD_r2_data.pdf}
                                                  
Try typing  <return>  to proceed.
If that doesn't work, type  X <return>  to quit.

[6] [7]

LaTeX Warning: File `PUBLISH_LD_blocks.pdf' not found on input line 496.


c:/Users/ganpa/OneDrive - Danmarks Tekniske Universitet/Skrivebord/DTU-Aqua--Postdoc/Past/Core/FPGP -- FINISHING/FPGP--GitHub/FeralPigeonGenomicsProject/FPGP--Article/sup_mat.tex:496: Package pdftex.def Error: File `PUBLISH_LD_blocks.pdf' not found: using draft setting.

See the pdftex.def package documentation for explanation.
Type  H <return>  for immediate help.
 ...                                              
                                                  
l.496 ...raphics[scale=0.5]{PUBLISH_LD_blocks.pdf}
                                                  
Try typing  <return>  to proceed.
If that doesn't work, type  X <return>  to quit.


LaTeX Warning: File `PUBLISH_duck_QC_Sample_1.pdf' not found on input line 503.


c:/Users/ganpa/OneDrive - Danmarks Tekniske Universitet/Skrivebord/DTU-Aqua--Postdoc/Past/Core/FPGP -- FINISHING/FPGP--GitHub/FeralPigeonGenomicsProject/FPGP--Article/sup_mat.tex:503: Package pdftex.def Error: File `PUBLISH_duck_QC_Sample_1.pdf' not found: using draft setting.

See the pdftex.def package documentation for explanation.
Type  H <return>  for immediate help.
 ...                                              
                                                  
l.503 ...[scale=0.3]{PUBLISH_duck_QC_Sample_1.pdf}
                                                  
Try typing  <return>  to proceed.
If that doesn't work, type  X <return>  to quit.


LaTeX Warning: File `PUBLISH_turkey_QC_Sample_1.pdf' not found on input line 510.


c:/Users/ganpa/OneDrive - Danmarks Tekniske Universitet/Skrivebord/DTU-Aqua--Postdoc/Past/Core/FPGP -- FINISHING/FPGP--GitHub/FeralPigeonGenomicsProject/FPGP--Article/sup_mat.tex:510: Package pdftex.def Error: File `PUBLISH_turkey_QC_Sample_1.pdf' not found: using draft setting.

See the pdftex.def package documentation for explanation.
Type  H <return>  for immediate help.
 ...                                              
                                                  
l.510 ...cale=0.3]{PUBLISH_turkey_QC_Sample_1.pdf}
                                                  
Try typing  <return>  to proceed.
If that doesn't work, type  X <return>  to quit.


LaTeX Warning: File `PUBLISH_real_data_LD_r2_data.pdf' not found on input line 517.


c:/Users/ganpa/OneDrive - Danmarks Tekniske Universitet/Skrivebord/DTU-Aqua--Postdoc/Past/Core/FPGP -- FINISHING/FPGP--GitHub/FeralPigeonGenomicsProject/FPGP--Article/sup_mat.tex:517: Package pdftex.def Error: File `PUBLISH_real_data_LD_r2_data.pdf' not found: using draft setting.

See the pdftex.def package documentation for explanation.
Type  H <return>  for immediate help.
 ...                                              
                                                  
l.517 ...raphics{PUBLISH_real_data_LD_r2_data.pdf}
                                                  
Try typing  <return>  to proceed.
If that doesn't work, type  X <return>  to quit.


LaTeX Warning: File `PUBLISH_qq_all.pdf' not found on input line 525.


c:/Users/ganpa/OneDrive - Danmarks Tekniske Universitet/Skrivebord/DTU-Aqua--Postdoc/Past/Core/FPGP -- FINISHING/FPGP--GitHub/FeralPigeonGenomicsProject/FPGP--Article/sup_mat.tex:525: Package pdftex.def Error: File `PUBLISH_qq_all.pdf' not found: using draft setting.

See the pdftex.def package documentation for explanation.
Type  H <return>  for immediate help.
 ...                                              
                                                  
l.525 ...egraphics[scale=0.75]{PUBLISH_qq_all.pdf}
                                                  
Try typing  <return>  to proceed.
If that doesn't work, type  X <return>  to quit.

[8]
LaTeX Font Info:    Trying to load font information for TS1+cmtt on input line 539.
 (c:/texlive/2021/texmf-dist/tex/latex/base/ts1cmtt.fd
File: ts1cmtt.fd 2019/12/16 v2.5j Standard LaTeX font definitions
) [9] [10]
No file sup_mat.bbl.

Package natbib Warning: There were undefined citations.

[11] (./sup_mat.aux)

LaTeX Warning: There were undefined references.


LaTeX Warning: Label(s) may have changed. Rerun to get cross-references right.

 ) 
Here is how much of TeX's memory you used:
 5133 strings out of 478536
 79321 string characters out of 5854227
 729066 words of memory out of 5000000
 23002 multiletter control sequences out of 15000+600000
 409478 words of font info for 48 fonts, out of 8000000 for 9000
 1141 hyphenation exceptions out of 8191
 61i,10n,70p,1532b,1686s stack positions out of 5000i,500n,10000p,200000b,80000s
{c:/texlive/2021/texmf-dist/fonts/enc/dvips/cm-super/cm-super-ts1.enc}<c:/texlive/2021/texmf-dist/fonts/type1/public/amsfonts/cm/cmbx10.pfb><c:/texlive/2021/texmf-dist/fonts/type1/public/amsfonts/cm/cmbx12.pfb><c:/texlive/2021/texmf-dist/fonts/type1/public/amsfonts/cm/cmex10.pfb><c:/texlive/2021/texmf-dist/fonts/type1/public/amsfonts/cm/cmmi10.pfb><c:/texlive/2021/texmf-dist/fonts/type1/public/amsfonts/cm/cmmi12.pfb><c:/texlive/2021/texmf-dist/fonts/type1/public/amsfonts/cm/cmmi6.pfb><c:/texlive/2021/texmf-dist/fonts/type1/public/amsfonts/cm/cmmi8.pfb><c:/texlive/2021/texmf-dist/fonts/type1/public/amsfonts/cm/cmr10.pfb><c:/texlive/2021/texmf-dist/fonts/type1/public/amsfonts/cm/cmr12.pfb><c:/texlive/2021/texmf-dist/fonts/type1/public/amsfonts/cm/cmr17.pfb><c:/texlive/2021/texmf-dist/fonts/type1/public/amsfonts/cm/cmr6.pfb><c:/texlive/2021/texmf-dist/fonts/type1/public/amsfonts/cm/cmr7.pfb><c:/texlive/2021/texmf-dist/fonts/type1/public/amsfonts/cm/cmr8.pfb><c:/texlive/2021/texmf-dist/fonts/type1/public/amsfonts/cm/cmsy10.pfb><c:/texlive/2021/texmf-dist/fonts/type1/public/amsfonts/cm/cmsy7.pfb><c:/texlive/2021/texmf-dist/fonts/type1/public/amsfonts/cm/cmsy8.pfb><c:/texlive/2021/texmf-dist/fonts/type1/public/amsfonts/cm/cmti10.pfb><c:/texlive/2021/texmf-dist/fonts/type1/public/amsfonts/cm/cmti12.pfb><c:/texlive/2021/texmf-dist/fonts/type1/public/amsfonts/cm/cmtt10.pfb><c:/texlive/2021/texmf-dist/fonts/type1/public/amsfonts/cm/cmtt12.pfb><c:/texlive/2021/texmf-dist/fonts/type1/public/amsfonts/cm/cmtt9.pfb><c:/texlive/2021/texmf-dist/fonts/type1/public/cm-super/sftt0900.pfb>
Output written on sup_mat.pdf (11 pages, 288545 bytes).
PDF statistics:
 151 PDF objects out of 1000 (max. 8388607)
 93 compressed objects within 1 object stream
 0 named destinations out of 1000 (max. 500000)
 1 words of extra memory for PDF output out of 10000 (max. 10000000)

